2020-10-03 01:07:05,866 [Worker-0] INFO  o.e.m.c.i.l.LifecycleMappingFactory - Using org.eclipse.m2e.jdt.JarLifecycleMapping lifecycle mapping for MavenProject: edu.eci.aygo:labVirtualizacion:0.0.1-SNAPSHOT @ C:\Users\JuanArevaloMerchan\Documents\Maestria\AygoVirtualizacion\laboratorioVirtualizacionAYGO\pom.xml.
2020-10-03 01:07:08,680 [Worker-0] INFO  o.e.m.c.i.l.LifecycleMappingFactory - Using org.eclipse.m2e.jdt.JarLifecycleMapping lifecycle mapping for MavenProject: co.edu.eci:loadBalancer:0.0.1-SNAPSHOT @ C:\Users\JuanArevaloMerchan\Documents\Maestria\AygoVirtualizacion\loadBalancer\pom.xml.
2020-10-03 01:07:14,908 [Worker-0] INFO  o.e.m.j.i.AbstractJavaProjectConfigurator - Adding source folder /loadBalancer/src/main/java
2020-10-03 01:07:14,908 [Worker-0] INFO  o.e.m.j.i.AbstractJavaProjectConfigurator - Adding resource folder /loadBalancer/src/main/resources
2020-10-03 01:07:14,916 [Worker-0] INFO  o.e.m.j.i.AbstractJavaProjectConfigurator - Adding resource folder /loadBalancer/src/main/resources
2020-10-03 01:07:14,928 [Worker-0] INFO  o.e.m.j.i.AbstractJavaProjectConfigurator - Adding source folder /loadBalancer/src/test/java
2020-10-03 01:07:14,929 [Worker-0] INFO  o.e.m.j.i.AbstractJavaProjectConfigurator - Adding resource folder /loadBalancer/src/test/resources
2020-10-03 01:07:15,446 [Worker-0] INFO  o.e.m.j.i.AbstractJavaProjectConfigurator - Adding source folder /laboratorioVirtualizacionAYGO/src/main/java
2020-10-03 01:07:15,446 [Worker-0] INFO  o.e.m.j.i.AbstractJavaProjectConfigurator - Adding resource folder /laboratorioVirtualizacionAYGO/src/main/resources
2020-10-03 01:07:15,447 [Worker-0] INFO  o.e.m.j.i.AbstractJavaProjectConfigurator - Adding resource folder /laboratorioVirtualizacionAYGO/src/main/resources
2020-10-03 01:07:15,448 [Worker-0] INFO  o.e.m.j.i.AbstractJavaProjectConfigurator - Adding source folder /laboratorioVirtualizacionAYGO/src/test/java
2020-10-03 01:07:15,627 [Worker-0] INFO  o.e.m.c.i.p.ProjectConfigurationManager - Imported and configured 2 project(s) in 22 sec
2020-10-03 01:07:18,459 [Worker-13] INFO  o.e.m.c.i.embedder.EclipseLogger - Using 'UTF-8' encoding to copy filtered resources.
2020-10-03 01:07:18,546 [Worker-13] INFO  o.e.m.c.i.embedder.EclipseLogger - Copying 2 resources
2020-10-03 01:07:18,578 [Worker-13] INFO  o.e.m.c.i.embedder.EclipseLogger - Copying 0 resource
2020-10-03 01:07:18,581 [Worker-13] INFO  o.e.m.c.i.embedder.EclipseLogger - Using 'UTF-8' encoding to copy filtered resources.
2020-10-03 01:07:18,585 [Worker-13] INFO  o.e.m.c.i.embedder.EclipseLogger - skip non existing resourceDirectory C:\Users\JuanArevaloMerchan\Documents\Maestria\AygoVirtualizacion\laboratorioVirtualizacionAYGO\src\test\resources
2020-10-03 01:07:20,450 [Worker-13] INFO  o.e.m.c.i.embedder.EclipseLogger - Using 'UTF-8' encoding to copy filtered resources.
2020-10-03 01:07:20,450 [Worker-13] INFO  o.e.m.c.i.embedder.EclipseLogger - Copying 0 resource
2020-10-03 01:07:20,453 [Worker-13] INFO  o.e.m.c.i.embedder.EclipseLogger - Copying 3 resources
2020-10-03 01:07:20,505 [Worker-13] INFO  o.e.m.c.i.embedder.EclipseLogger - Using 'UTF-8' encoding to copy filtered resources.
2020-10-03 01:07:20,506 [Worker-13] INFO  o.e.m.c.i.embedder.EclipseLogger - Copying 0 resource
2020-10-03 01:07:42,360 [Worker-3] INFO  o.e.m.c.i.embedder.EclipseLogger - Using 'UTF-8' encoding to copy filtered resources.
2020-10-03 01:07:42,371 [Worker-3] INFO  o.e.m.c.i.embedder.EclipseLogger - Copying 0 resource
2020-10-03 01:07:42,372 [Worker-3] INFO  o.e.m.c.i.embedder.EclipseLogger - Copying 1 resource
2020-10-03 01:07:42,380 [Worker-3] INFO  o.e.m.c.i.embedder.EclipseLogger - Using 'UTF-8' encoding to copy filtered resources.
2020-10-03 01:07:42,381 [Worker-3] INFO  o.e.m.c.i.embedder.EclipseLogger - Copying 0 resource
2020-10-03 01:15:08,691 [Worker-16] INFO  o.e.m.c.i.embedder.EclipseLogger - Using 'UTF-8' encoding to copy filtered resources.
2020-10-03 01:15:08,692 [Worker-16] INFO  o.e.m.c.i.embedder.EclipseLogger - Copying 0 resource
2020-10-03 01:15:08,693 [Worker-16] INFO  o.e.m.c.i.embedder.EclipseLogger - Copying 0 resource
2020-10-03 01:15:08,696 [Worker-16] INFO  o.e.m.c.i.embedder.EclipseLogger - Using 'UTF-8' encoding to copy filtered resources.
2020-10-03 01:15:08,696 [Worker-16] INFO  o.e.m.c.i.embedder.EclipseLogger - skip non existing resourceDirectory C:\Users\JuanArevaloMerchan\Documents\Maestria\AygoVirtualizacion\laboratorioVirtualizacionAYGO\src\test\resources
2020-10-03 01:15:08,715 [Worker-16] INFO  o.e.m.c.i.embedder.EclipseLogger - Using 'UTF-8' encoding to copy filtered resources.
2020-10-03 01:15:08,715 [Worker-16] INFO  o.e.m.c.i.embedder.EclipseLogger - Copying 0 resource
2020-10-03 01:15:08,716 [Worker-16] INFO  o.e.m.c.i.embedder.EclipseLogger - Copying 0 resource
2020-10-03 01:15:08,718 [Worker-16] INFO  o.e.m.c.i.embedder.EclipseLogger - Using 'UTF-8' encoding to copy filtered resources.
2020-10-03 01:15:08,718 [Worker-16] INFO  o.e.m.c.i.embedder.EclipseLogger - Copying 0 resource
2020-10-03 01:15:39,153 [Worker-17] INFO  o.e.m.c.i.embedder.EclipseLogger - Using 'UTF-8' encoding to copy filtered resources.
2020-10-03 01:15:39,222 [Worker-17] INFO  o.e.m.c.i.embedder.EclipseLogger - Copying 0 resource
2020-10-03 01:15:39,224 [Worker-17] INFO  o.e.m.c.i.embedder.EclipseLogger - Copying 3 resources
2020-10-03 01:15:39,228 [Worker-17] INFO  o.e.m.c.i.embedder.EclipseLogger - Using 'UTF-8' encoding to copy filtered resources.
2020-10-03 01:15:39,229 [Worker-17] INFO  o.e.m.c.i.embedder.EclipseLogger - Copying 0 resource
2020-10-03 01:15:40,275 [Worker-17] INFO  o.e.m.c.i.embedder.EclipseLogger - Using 'UTF-8' encoding to copy filtered resources.
2020-10-03 01:15:40,277 [Worker-17] INFO  o.e.m.c.i.embedder.EclipseLogger - Copying 0 resource
2020-10-03 01:15:40,279 [Worker-17] INFO  o.e.m.c.i.embedder.EclipseLogger - Copying 3 resources
2020-10-03 01:15:40,282 [Worker-17] INFO  o.e.m.c.i.embedder.EclipseLogger - Using 'UTF-8' encoding to copy filtered resources.
2020-10-03 01:15:40,282 [Worker-17] INFO  o.e.m.c.i.embedder.EclipseLogger - Copying 0 resource
2020-10-03 01:19:43,066 [Worker-22] INFO  o.e.m.c.i.embedder.EclipseLogger - Using 'UTF-8' encoding to copy filtered resources.
2020-10-03 01:19:43,068 [Worker-22] INFO  o.e.m.c.i.embedder.EclipseLogger - Copying 0 resource
2020-10-03 01:19:43,070 [Worker-22] INFO  o.e.m.c.i.embedder.EclipseLogger - Copying 3 resources
2020-10-03 01:19:43,074 [Worker-22] INFO  o.e.m.c.i.embedder.EclipseLogger - Using 'UTF-8' encoding to copy filtered resources.
2020-10-03 01:19:43,074 [Worker-22] INFO  o.e.m.c.i.embedder.EclipseLogger - Copying 0 resource
2020-10-03 01:19:44,142 [Worker-17] INFO  o.e.m.c.i.embedder.EclipseLogger - Using 'UTF-8' encoding to copy filtered resources.
2020-10-03 01:19:44,144 [Worker-17] INFO  o.e.m.c.i.embedder.EclipseLogger - Copying 0 resource
2020-10-03 01:19:44,146 [Worker-17] INFO  o.e.m.c.i.embedder.EclipseLogger - Copying 3 resources
2020-10-03 01:19:44,149 [Worker-17] INFO  o.e.m.c.i.embedder.EclipseLogger - Using 'UTF-8' encoding to copy filtered resources.
2020-10-03 01:19:44,150 [Worker-17] INFO  o.e.m.c.i.embedder.EclipseLogger - Copying 0 resource
2020-10-03 01:22:14,795 [Worker-26] INFO  o.e.m.c.i.embedder.EclipseLogger - Using 'UTF-8' encoding to copy filtered resources.
2020-10-03 01:22:14,797 [Worker-26] INFO  o.e.m.c.i.embedder.EclipseLogger - Copying 0 resource
2020-10-03 01:22:14,799 [Worker-26] INFO  o.e.m.c.i.embedder.EclipseLogger - Copying 3 resources
2020-10-03 01:22:14,802 [Worker-26] INFO  o.e.m.c.i.embedder.EclipseLogger - Using 'UTF-8' encoding to copy filtered resources.
2020-10-03 01:22:14,803 [Worker-26] INFO  o.e.m.c.i.embedder.EclipseLogger - Copying 0 resource
2020-10-03 01:22:15,824 [Worker-26] INFO  o.e.m.c.i.embedder.EclipseLogger - Using 'UTF-8' encoding to copy filtered resources.
2020-10-03 01:22:15,826 [Worker-26] INFO  o.e.m.c.i.embedder.EclipseLogger - Copying 0 resource
2020-10-03 01:22:15,828 [Worker-26] INFO  o.e.m.c.i.embedder.EclipseLogger - Copying 3 resources
2020-10-03 01:22:15,831 [Worker-26] INFO  o.e.m.c.i.embedder.EclipseLogger - Using 'UTF-8' encoding to copy filtered resources.
2020-10-03 01:22:15,831 [Worker-26] INFO  o.e.m.c.i.embedder.EclipseLogger - Copying 0 resource
2020-10-03 01:35:14,011 [Worker-36] INFO  o.e.m.c.i.embedder.EclipseLogger - Using 'UTF-8' encoding to copy filtered resources.
2020-10-03 01:35:14,014 [Worker-36] INFO  o.e.m.c.i.embedder.EclipseLogger - Copying 0 resource
2020-10-03 01:35:14,015 [Worker-36] INFO  o.e.m.c.i.embedder.EclipseLogger - Copying 3 resources
2020-10-03 01:35:14,018 [Worker-36] INFO  o.e.m.c.i.embedder.EclipseLogger - Using 'UTF-8' encoding to copy filtered resources.
2020-10-03 01:35:14,019 [Worker-36] INFO  o.e.m.c.i.embedder.EclipseLogger - Copying 0 resource
2020-10-03 01:35:15,042 [Worker-37] INFO  o.e.m.c.i.embedder.EclipseLogger - Using 'UTF-8' encoding to copy filtered resources.
2020-10-03 01:35:15,045 [Worker-37] INFO  o.e.m.c.i.embedder.EclipseLogger - Copying 0 resource
2020-10-03 01:35:15,048 [Worker-37] INFO  o.e.m.c.i.embedder.EclipseLogger - Copying 3 resources
2020-10-03 01:35:15,051 [Worker-37] INFO  o.e.m.c.i.embedder.EclipseLogger - Using 'UTF-8' encoding to copy filtered resources.
2020-10-03 01:35:15,052 [Worker-37] INFO  o.e.m.c.i.embedder.EclipseLogger - Copying 0 resource
2020-10-03 01:39:32,441 [Worker-40] INFO  o.e.m.c.i.embedder.EclipseLogger - Using 'UTF-8' encoding to copy filtered resources.
2020-10-03 01:39:32,443 [Worker-40] INFO  o.e.m.c.i.embedder.EclipseLogger - Copying 0 resource
2020-10-03 01:39:32,445 [Worker-40] INFO  o.e.m.c.i.embedder.EclipseLogger - Copying 3 resources
2020-10-03 01:39:32,448 [Worker-40] INFO  o.e.m.c.i.embedder.EclipseLogger - Using 'UTF-8' encoding to copy filtered resources.
2020-10-03 01:39:32,448 [Worker-40] INFO  o.e.m.c.i.embedder.EclipseLogger - Copying 0 resource
2020-10-03 01:39:33,517 [Worker-17] INFO  o.e.m.c.i.embedder.EclipseLogger - Using 'UTF-8' encoding to copy filtered resources.
2020-10-03 01:39:33,520 [Worker-17] INFO  o.e.m.c.i.embedder.EclipseLogger - Copying 0 resource
2020-10-03 01:39:33,522 [Worker-17] INFO  o.e.m.c.i.embedder.EclipseLogger - Copying 3 resources
2020-10-03 01:39:33,526 [Worker-17] INFO  o.e.m.c.i.embedder.EclipseLogger - Using 'UTF-8' encoding to copy filtered resources.
2020-10-03 01:39:33,527 [Worker-17] INFO  o.e.m.c.i.embedder.EclipseLogger - Copying 0 resource
2020-10-03 01:44:06,909 [Worker-39] INFO  o.e.m.c.i.embedder.EclipseLogger - Using 'UTF-8' encoding to copy filtered resources.
2020-10-03 01:44:06,912 [Worker-39] INFO  o.e.m.c.i.embedder.EclipseLogger - Copying 0 resource
2020-10-03 01:44:06,914 [Worker-39] INFO  o.e.m.c.i.embedder.EclipseLogger - Copying 3 resources
2020-10-03 01:44:06,918 [Worker-39] INFO  o.e.m.c.i.embedder.EclipseLogger - Using 'UTF-8' encoding to copy filtered resources.
2020-10-03 01:44:06,918 [Worker-39] INFO  o.e.m.c.i.embedder.EclipseLogger - Copying 0 resource
2020-10-03 01:44:07,934 [Worker-39] INFO  o.e.m.c.i.embedder.EclipseLogger - Using 'UTF-8' encoding to copy filtered resources.
2020-10-03 01:44:07,935 [Worker-39] INFO  o.e.m.c.i.embedder.EclipseLogger - Copying 0 resource
2020-10-03 01:44:07,937 [Worker-39] INFO  o.e.m.c.i.embedder.EclipseLogger - Copying 3 resources
2020-10-03 01:44:07,939 [Worker-39] INFO  o.e.m.c.i.embedder.EclipseLogger - Using 'UTF-8' encoding to copy filtered resources.
2020-10-03 01:44:07,940 [Worker-39] INFO  o.e.m.c.i.embedder.EclipseLogger - Copying 0 resource
2020-10-03 01:48:48,607 [Worker-45] INFO  o.e.m.c.i.embedder.EclipseLogger - Using 'UTF-8' encoding to copy filtered resources.
2020-10-03 01:48:48,609 [Worker-45] INFO  o.e.m.c.i.embedder.EclipseLogger - Copying 0 resource
2020-10-03 01:48:48,612 [Worker-45] INFO  o.e.m.c.i.embedder.EclipseLogger - Copying 3 resources
2020-10-03 01:48:48,615 [Worker-45] INFO  o.e.m.c.i.embedder.EclipseLogger - Using 'UTF-8' encoding to copy filtered resources.
2020-10-03 01:48:48,616 [Worker-45] INFO  o.e.m.c.i.embedder.EclipseLogger - Copying 0 resource
2020-10-03 01:48:49,635 [Worker-47] INFO  o.e.m.c.i.embedder.EclipseLogger - Using 'UTF-8' encoding to copy filtered resources.
2020-10-03 01:48:49,637 [Worker-47] INFO  o.e.m.c.i.embedder.EclipseLogger - Copying 0 resource
2020-10-03 01:48:49,640 [Worker-47] INFO  o.e.m.c.i.embedder.EclipseLogger - Copying 3 resources
2020-10-03 01:48:49,642 [Worker-47] INFO  o.e.m.c.i.embedder.EclipseLogger - Using 'UTF-8' encoding to copy filtered resources.
2020-10-03 01:48:49,643 [Worker-47] INFO  o.e.m.c.i.embedder.EclipseLogger - Copying 0 resource
2020-10-03 01:54:45,521 [Worker-46] INFO  o.e.m.c.i.embedder.EclipseLogger - Using 'UTF-8' encoding to copy filtered resources.
2020-10-03 01:54:45,524 [Worker-46] INFO  o.e.m.c.i.embedder.EclipseLogger - Copying 0 resource
2020-10-03 01:54:45,527 [Worker-46] INFO  o.e.m.c.i.embedder.EclipseLogger - Copying 3 resources
2020-10-03 01:54:45,531 [Worker-46] INFO  o.e.m.c.i.embedder.EclipseLogger - Using 'UTF-8' encoding to copy filtered resources.
2020-10-03 01:54:45,532 [Worker-46] INFO  o.e.m.c.i.embedder.EclipseLogger - Copying 0 resource
2020-10-03 01:54:46,551 [Worker-49] INFO  o.e.m.c.i.embedder.EclipseLogger - Using 'UTF-8' encoding to copy filtered resources.
2020-10-03 01:54:46,553 [Worker-49] INFO  o.e.m.c.i.embedder.EclipseLogger - Copying 0 resource
2020-10-03 01:54:46,555 [Worker-49] INFO  o.e.m.c.i.embedder.EclipseLogger - Copying 3 resources
2020-10-03 01:54:46,558 [Worker-49] INFO  o.e.m.c.i.embedder.EclipseLogger - Using 'UTF-8' encoding to copy filtered resources.
2020-10-03 01:54:46,559 [Worker-49] INFO  o.e.m.c.i.embedder.EclipseLogger - Copying 0 resource
2020-10-03 02:05:03,420 [Worker-53] INFO  o.e.m.c.i.embedder.EclipseLogger - Using 'UTF-8' encoding to copy filtered resources.
2020-10-03 02:05:03,422 [Worker-53] INFO  o.e.m.c.i.embedder.EclipseLogger - Copying 0 resource
2020-10-03 02:05:03,423 [Worker-53] INFO  o.e.m.c.i.embedder.EclipseLogger - Copying 3 resources
2020-10-03 02:05:03,426 [Worker-53] INFO  o.e.m.c.i.embedder.EclipseLogger - Using 'UTF-8' encoding to copy filtered resources.
2020-10-03 02:05:03,427 [Worker-53] INFO  o.e.m.c.i.embedder.EclipseLogger - Copying 0 resource
2020-10-03 02:05:04,494 [Worker-55] INFO  o.e.m.c.i.embedder.EclipseLogger - Using 'UTF-8' encoding to copy filtered resources.
2020-10-03 02:05:04,496 [Worker-55] INFO  o.e.m.c.i.embedder.EclipseLogger - Copying 0 resource
2020-10-03 02:05:04,498 [Worker-55] INFO  o.e.m.c.i.embedder.EclipseLogger - Copying 3 resources
2020-10-03 02:05:04,501 [Worker-55] INFO  o.e.m.c.i.embedder.EclipseLogger - Using 'UTF-8' encoding to copy filtered resources.
2020-10-03 02:05:04,501 [Worker-55] INFO  o.e.m.c.i.embedder.EclipseLogger - Copying 0 resource
2020-10-03 02:10:50,245 [Worker-55] INFO  o.e.m.c.i.embedder.EclipseLogger - Using 'UTF-8' encoding to copy filtered resources.
2020-10-03 02:10:50,248 [Worker-55] INFO  o.e.m.c.i.embedder.EclipseLogger - Copying 0 resource
2020-10-03 02:10:50,252 [Worker-55] INFO  o.e.m.c.i.embedder.EclipseLogger - Copying 3 resources
2020-10-03 02:10:50,254 [Worker-55] INFO  o.e.m.c.i.embedder.EclipseLogger - Using 'UTF-8' encoding to copy filtered resources.
2020-10-03 02:10:50,255 [Worker-55] INFO  o.e.m.c.i.embedder.EclipseLogger - Copying 0 resource
2020-10-03 02:10:51,273 [Worker-59] INFO  o.e.m.c.i.embedder.EclipseLogger - Using 'UTF-8' encoding to copy filtered resources.
2020-10-03 02:10:51,275 [Worker-59] INFO  o.e.m.c.i.embedder.EclipseLogger - Copying 0 resource
2020-10-03 02:10:51,276 [Worker-59] INFO  o.e.m.c.i.embedder.EclipseLogger - Copying 3 resources
2020-10-03 02:10:51,279 [Worker-59] INFO  o.e.m.c.i.embedder.EclipseLogger - Using 'UTF-8' encoding to copy filtered resources.
2020-10-03 02:10:51,280 [Worker-59] INFO  o.e.m.c.i.embedder.EclipseLogger - Copying 0 resource
2020-10-03 02:21:15,703 [Worker-66] INFO  o.e.m.c.i.embedder.EclipseLogger - Using 'UTF-8' encoding to copy filtered resources.
2020-10-03 02:21:15,705 [Worker-66] INFO  o.e.m.c.i.embedder.EclipseLogger - Copying 0 resource
2020-10-03 02:21:15,707 [Worker-66] INFO  o.e.m.c.i.embedder.EclipseLogger - Copying 3 resources
2020-10-03 02:21:15,711 [Worker-66] INFO  o.e.m.c.i.embedder.EclipseLogger - Using 'UTF-8' encoding to copy filtered resources.
2020-10-03 02:21:15,711 [Worker-66] INFO  o.e.m.c.i.embedder.EclipseLogger - Copying 0 resource
2020-10-03 02:21:16,732 [Worker-67] INFO  o.e.m.c.i.embedder.EclipseLogger - Using 'UTF-8' encoding to copy filtered resources.
2020-10-03 02:21:16,734 [Worker-67] INFO  o.e.m.c.i.embedder.EclipseLogger - Copying 0 resource
2020-10-03 02:21:16,737 [Worker-67] INFO  o.e.m.c.i.embedder.EclipseLogger - Copying 3 resources
2020-10-03 02:21:16,740 [Worker-67] INFO  o.e.m.c.i.embedder.EclipseLogger - Using 'UTF-8' encoding to copy filtered resources.
2020-10-03 02:21:16,741 [Worker-67] INFO  o.e.m.c.i.embedder.EclipseLogger - Copying 0 resource
2020-10-03 02:29:33,111 [Worker-69] INFO  o.e.m.c.i.embedder.EclipseLogger - Using 'UTF-8' encoding to copy filtered resources.
2020-10-03 02:29:33,114 [Worker-69] INFO  o.e.m.c.i.embedder.EclipseLogger - Copying 0 resource
2020-10-03 02:29:33,117 [Worker-69] INFO  o.e.m.c.i.embedder.EclipseLogger - Copying 3 resources
2020-10-03 02:29:33,125 [Worker-69] INFO  o.e.m.c.i.embedder.EclipseLogger - Using 'UTF-8' encoding to copy filtered resources.
2020-10-03 02:29:33,126 [Worker-69] INFO  o.e.m.c.i.embedder.EclipseLogger - Copying 0 resource
2020-10-03 02:29:34,148 [Worker-69] INFO  o.e.m.c.i.embedder.EclipseLogger - Using 'UTF-8' encoding to copy filtered resources.
2020-10-03 02:29:34,151 [Worker-69] INFO  o.e.m.c.i.embedder.EclipseLogger - Copying 0 resource
2020-10-03 02:29:34,153 [Worker-69] INFO  o.e.m.c.i.embedder.EclipseLogger - Copying 3 resources
2020-10-03 02:29:34,157 [Worker-69] INFO  o.e.m.c.i.embedder.EclipseLogger - Using 'UTF-8' encoding to copy filtered resources.
2020-10-03 02:29:34,157 [Worker-69] INFO  o.e.m.c.i.embedder.EclipseLogger - Copying 0 resource
2020-10-03 02:45:47,281 [Worker-74] INFO  o.e.m.c.i.embedder.EclipseLogger - Using 'UTF-8' encoding to copy filtered resources.
2020-10-03 02:45:47,284 [Worker-74] INFO  o.e.m.c.i.embedder.EclipseLogger - Copying 0 resource
2020-10-03 02:45:47,287 [Worker-74] INFO  o.e.m.c.i.embedder.EclipseLogger - Copying 3 resources
2020-10-03 02:45:47,290 [Worker-74] INFO  o.e.m.c.i.embedder.EclipseLogger - Using 'UTF-8' encoding to copy filtered resources.
2020-10-03 02:45:47,291 [Worker-74] INFO  o.e.m.c.i.embedder.EclipseLogger - Copying 0 resource
2020-10-03 02:45:48,308 [Worker-74] INFO  o.e.m.c.i.embedder.EclipseLogger - Using 'UTF-8' encoding to copy filtered resources.
2020-10-03 02:45:48,310 [Worker-74] INFO  o.e.m.c.i.embedder.EclipseLogger - Copying 0 resource
2020-10-03 02:45:48,312 [Worker-74] INFO  o.e.m.c.i.embedder.EclipseLogger - Copying 3 resources
2020-10-03 02:45:48,315 [Worker-74] INFO  o.e.m.c.i.embedder.EclipseLogger - Using 'UTF-8' encoding to copy filtered resources.
2020-10-03 02:45:48,316 [Worker-74] INFO  o.e.m.c.i.embedder.EclipseLogger - Copying 0 resource
2020-10-03 02:50:22,965 [Worker-69] INFO  o.e.m.c.i.embedder.EclipseLogger - Using 'UTF-8' encoding to copy filtered resources.
2020-10-03 02:50:22,968 [Worker-69] INFO  o.e.m.c.i.embedder.EclipseLogger - Copying 0 resource
2020-10-03 02:50:22,970 [Worker-69] INFO  o.e.m.c.i.embedder.EclipseLogger - Copying 3 resources
2020-10-03 02:50:22,973 [Worker-69] INFO  o.e.m.c.i.embedder.EclipseLogger - Using 'UTF-8' encoding to copy filtered resources.
2020-10-03 02:50:22,974 [Worker-69] INFO  o.e.m.c.i.embedder.EclipseLogger - Copying 0 resource
2020-10-03 02:50:23,994 [Worker-80] INFO  o.e.m.c.i.embedder.EclipseLogger - Using 'UTF-8' encoding to copy filtered resources.
2020-10-03 02:50:23,996 [Worker-80] INFO  o.e.m.c.i.embedder.EclipseLogger - Copying 0 resource
2020-10-03 02:50:23,998 [Worker-80] INFO  o.e.m.c.i.embedder.EclipseLogger - Copying 3 resources
2020-10-03 02:50:24,001 [Worker-80] INFO  o.e.m.c.i.embedder.EclipseLogger - Using 'UTF-8' encoding to copy filtered resources.
2020-10-03 02:50:24,002 [Worker-80] INFO  o.e.m.c.i.embedder.EclipseLogger - Copying 0 resource
2020-10-03 02:50:26,819 [Worker-77] INFO  o.e.m.c.i.embedder.EclipseLogger - Using 'UTF-8' encoding to copy filtered resources.
2020-10-03 02:50:26,822 [Worker-77] INFO  o.e.m.c.i.embedder.EclipseLogger - Copying 0 resource
2020-10-03 02:50:26,823 [Worker-77] INFO  o.e.m.c.i.embedder.EclipseLogger - Copying 3 resources
2020-10-03 02:50:26,826 [Worker-77] INFO  o.e.m.c.i.embedder.EclipseLogger - Using 'UTF-8' encoding to copy filtered resources.
2020-10-03 02:50:26,827 [Worker-77] INFO  o.e.m.c.i.embedder.EclipseLogger - Copying 0 resource
2020-10-03 03:21:02,137 [Worker-92] INFO  o.e.m.c.i.embedder.EclipseLogger - Using 'UTF-8' encoding to copy filtered resources.
2020-10-03 03:21:02,139 [Worker-92] INFO  o.e.m.c.i.embedder.EclipseLogger - Copying 0 resource
2020-10-03 03:21:02,140 [Worker-92] INFO  o.e.m.c.i.embedder.EclipseLogger - Copying 1 resource
2020-10-03 03:21:02,147 [Worker-92] INFO  o.e.m.c.i.embedder.EclipseLogger - Using 'UTF-8' encoding to copy filtered resources.
2020-10-03 03:21:02,147 [Worker-92] INFO  o.e.m.c.i.embedder.EclipseLogger - Copying 0 resource
2020-10-03 03:40:06,501 [Worker-89] INFO  o.e.m.c.i.embedder.EclipseLogger - Using 'UTF-8' encoding to copy filtered resources.
2020-10-03 03:40:06,502 [Worker-89] INFO  o.e.m.c.i.embedder.EclipseLogger - Copying 0 resource
2020-10-03 03:40:06,503 [Worker-89] INFO  o.e.m.c.i.embedder.EclipseLogger - Copying 1 resource
2020-10-03 03:40:06,511 [Worker-89] INFO  o.e.m.c.i.embedder.EclipseLogger - Using 'UTF-8' encoding to copy filtered resources.
2020-10-03 03:40:06,512 [Worker-89] INFO  o.e.m.c.i.embedder.EclipseLogger - Copying 0 resource
